生成启动时间为 2019/11/12 22:38:33。
     1>项目“E:\C语言\程序\sdada\每日一题\每日一题\每日一题.vcxproj”在节点 2 上(Build 个目标)。
     1>ClCompile:
         D:\Program Files (x86)\Microsoft Visual Studio 12.0\VC\bin\CL.exe /c /ZI /nologo /W3 /WX- /sdl /Od /Oy- /D _UNICODE /D UNICODE /Gm /EHsc /RTC1 /MDd /GS /fp:precise /Zc:wchar_t /Zc:forScope /Fo"Debug\\" /Fd"Debug\vc120.pdb" /Gd /TP /analyze- /errorReport:prompt day4.cpp day5.cpp day6.cpp
         day6.cpp
     1>e:\c语言\程序\sdada\每日一题\每日一题\day6.cpp(7): error C2057: 应输入常量表达式
     1>e:\c语言\程序\sdada\每日一题\每日一题\day6.cpp(7): error C2466: 不能分配常量大小为 0 的数组
     1>e:\c语言\程序\sdada\每日一题\每日一题\day6.cpp(7): error C2087: “a”: 缺少下标
     1>e:\c语言\程序\sdada\每日一题\每日一题\day6.cpp(7): error C2133: “a”: 未知的大小
         day5.cpp
         day4.cpp
         正在生成代码...
     1>已完成生成项目“E:\C语言\程序\sdada\每日一题\每日一题\每日一题.vcxproj”(Build 个目标)的操作 - 失败。

生成失败。

已用时间 00:00:02.43
